C:\USERS\OWNER\DOCUMENTS\VISUAL STUDIO 2012\PROJECTS\BARISTAMATIC\BARISTAMATIC\DEBUG\BARISTAINVENTORY.OBJ
C:\USERS\OWNER\DOCUMENTS\VISUAL STUDIO 2012\PROJECTS\BARISTAMATIC\BARISTAMATIC\DEBUG\BARISTAMATICPROG.OBJ
C:\USERS\OWNER\DOCUMENTS\VISUAL STUDIO 2012\PROJECTS\BARISTAMATIC\BARISTAMATIC\DEBUG\BARISTAMENU.OBJ
C:\USERS\OWNER\DOCUMENTS\VISUAL STUDIO 2012\PROJECTS\BARISTAMATIC\BARISTAMATIC\DEBUG\VC110.PDB
C:\USERS\OWNER\DOCUMENTS\VISUAL STUDIO 2012\PROJECTS\BARISTAMATIC\DEBUG\BARISTAMATIC.ILK
C:\USERS\OWNER\DOCUMENTS\VISUAL STUDIO 2012\PROJECTS\BARISTAMATIC\DEBUG\BARISTAMATIC.EXE
C:\USERS\OWNER\DOCUMENTS\VISUAL STUDIO 2012\PROJECTS\BARISTAMATIC\DEBUG\BARISTAMATIC.PDB
C:\Users\Owner\Documents\Visual Studio 2012\Projects\BaristaMatic\BaristaMatic\Debug\BaristaInventory.obj
C:\Users\Owner\Documents\Visual Studio 2012\Projects\BaristaMatic\BaristaMatic\Debug\BaristamaticProg.obj
C:\Users\Owner\Documents\Visual Studio 2012\Projects\BaristaMatic\BaristaMatic\Debug\BaristaMenu.obj
C:\Users\Owner\Documents\Visual Studio 2012\Projects\BaristaMatic\BaristaMatic\Debug\cl.command.1.tlog
C:\Users\Owner\Documents\Visual Studio 2012\Projects\BaristaMatic\BaristaMatic\Debug\CL.read.1.tlog
C:\Users\Owner\Documents\Visual Studio 2012\Projects\BaristaMatic\BaristaMatic\Debug\CL.write.1.tlog
C:\Users\Owner\Documents\Visual Studio 2012\Projects\BaristaMatic\BaristaMatic\Debug\link-cvtres.read.1.tlog
C:\Users\Owner\Documents\Visual Studio 2012\Projects\BaristaMatic\BaristaMatic\Debug\link-cvtres.write.1.tlog
C:\Users\Owner\Documents\Visual Studio 2012\Projects\BaristaMatic\BaristaMatic\Debug\link-rc.read.1.tlog
C:\Users\Owner\Documents\Visual Studio 2012\Projects\BaristaMatic\BaristaMatic\Debug\link-rc.write.1.tlog
C:\Users\Owner\Documents\Visual Studio 2012\Projects\BaristaMatic\BaristaMatic\Debug\link.command.1.tlog
C:\Users\Owner\Documents\Visual Studio 2012\Projects\BaristaMatic\BaristaMatic\Debug\link.read.1.tlog
C:\Users\Owner\Documents\Visual Studio 2012\Projects\BaristaMatic\BaristaMatic\Debug\link.write.1.tlog
C:\Users\Owner\Documents\Visual Studio 2012\Projects\BaristaMatic\BaristaMatic\Debug\vc110.idb
C:\Users\Owner\Documents\Visual Studio 2012\Projects\BaristaMatic\BaristaMatic\Debug\vc110.pdb
C:\Users\Owner\Documents\Visual Studio 2012\Projects\BaristaMatic\Debug\BaristaMatic.pdb
C:\Users\Owner\Documents\Visual Studio 2012\Projects\BaristaMatic\Debug\BaristaMatic.exe
C:\Users\Owner\Documents\Visual Studio 2012\Projects\BaristaMatic\Debug\BaristaMatic.ilk
